<?xml version="1.0" encoding="UTF-8"?>
<testng-results skipped="0" failed="0" ignored="0" total="1" passed="1">
  <reporter-output>
  </reporter-output>
  <suite name="Suite" duration-ms="18848" started-at="2022-06-09T19:39:22 IST" finished-at="2022-06-09T19:39:41 IST">
    <groups>
    </groups>
    <test name="Test1" duration-ms="18848" started-at="2022-06-09T19:39:22 IST" finished-at="2022-06-09T19:39:41 IST">
      <class name="Automation.LandingPageValidation">
        <test-method status="PASS" signature="InitializeBrowser()[pri:0, instance:Automation.LandingPageValidation@eafc191]" name="InitializeBrowser" is-config="true" duration-ms="14646" started-at="2022-06-09T19:39:22 IST" finished-at="2022-06-09T19:39:37 IST">
          <reporter-output>
          </reporter-output>
        </test-method> <!-- InitializeBrowser -->
        <test-method status="PASS" signature="validateLandingPage()[pri:0, instance:Automation.LandingPageValidation@eafc191]" name="validateLandingPage" duration-ms="78" started-at="2022-06-09T19:39:37 IST" finished-at="2022-06-09T19:39:37 IST">
          <reporter-output>
          </reporter-output>
        </test-method> <!-- validateLandingPage -->
        <test-method status="PASS" signature="TearDown()[pri:0, instance:Automation.LandingPageValidation@eafc191]" name="TearDown" is-config="true" duration-ms="4104" started-at="2022-06-09T19:39:37 IST" finished-at="2022-06-09T19:39:41 IST">
          <reporter-output>
          </reporter-output>
        </test-method> <!-- TearDown -->
      </class> <!-- Automation.LandingPageValidation -->
    </test> <!-- Test1 -->
  </suite> <!-- Suite -->
</testng-results>
